<?xml version="1.0" encoding="utf-8"?>
<testsuites time="5.426" tests="52" failures="8">
  <testsuite id="0" name="Source.TestSubmission.dll" tests="52" failures="8" time="5.426">
    <testcase classname="Codenation.Challenge.AccelerationModelTest" name="Codenation.Challenge.AccelerationModelTest.Should_Has_Table" time="0.0060000" />
    <testcase classname="Codenation.Challenge.AccelerationModelTest" name="Codenation.Challenge.AccelerationModelTest.Should_Has_Field(fieldName: &quot;created_at&quot;, isNullable: False, fieldType: typeof(System.DateTime), fieldSize: null)" time="0.0010000" />
    <testcase classname="Codenation.Challenge.AccelerationModelTest" name="Codenation.Challenge.AccelerationModelTest.Should_Has_Field(fieldName: &quot;id&quot;, isNullable: False, fieldType: typeof(int), fieldSize: null)" time="0.0010000" />
    <testcase classname="Codenation.Challenge.AccelerationModelTest" name="Codenation.Challenge.AccelerationModelTest.Should_Has_Field(fieldName: &quot;challenge_id&quot;, isNullable: False, fieldType: typeof(int), fieldSize: null)" time="0.0010000" />
    <testcase classname="Codenation.Challenge.AccelerationModelTest" name="Codenation.Challenge.AccelerationModelTest.Should_Has_Field(fieldName: &quot;name&quot;, isNullable: False, fieldType: typeof(string), fieldSize: 100)" time="0.0010000" />
    <testcase classname="Codenation.Challenge.AccelerationModelTest" name="Codenation.Challenge.AccelerationModelTest.Should_Has_Field(fieldName: &quot;slug&quot;, isNullable: False, fieldType: typeof(string), fieldSize: 50)" time="0.0010000" />
    <testcase classname="Codenation.Challenge.AccelerationModelTest" name="Codenation.Challenge.AccelerationModelTest.Should_Has_Primary_Key" time="0.0010000" />
    <testcase classname="Codenation.Challenge.AccelerationModelTest" name="Codenation.Challenge.AccelerationModelTest.Should_Has_Children_Navigation(childrenTable: &quot;candidate&quot;)" time="0.0010000" />
    <testcase classname="Codenation.Challenge.AccelerationModelTest" name="Codenation.Challenge.AccelerationModelTest.Should_Has_Foreing_Key(fieldName: &quot;challenge_id&quot;, relatedTable: &quot;challenge&quot;, isNullable: False, relatedKey: &quot;id&quot;)" time="0.0010000">
      <error message="Assert.NotNull() Failure">   at Codenation.Challenge.ModelBaseTest.AssertForeignKey(String fieldName, String expectedRelatedTable, Boolean required, String[] expectedKeys) in C:\Users\HOFFMANN\codenation\csharp-7\Source.TestSubmission\ModelBaseTest.cs:line 123
   at Codenation.Challenge.AccelerationModelTest.Should_Has_Foreing_Key(String fieldName, String relatedTable, Boolean isNullable, String relatedKey) in C:\Users\HOFFMANN\codenation\csharp-7\Source.TestSubmission\AccelerationModelTest.cs:line 43</error>
    </testcase>
    <testcase classname="Codenation.Challenge.CandidateModelTest" name="Codenation.Challenge.CandidateModelTest.Should_Has_Foreing_Key(fieldName: &quot;company_id&quot;, relatedTable: &quot;company&quot;, isNullable: False, relatedKey: &quot;id&quot;)" time="1.3150000">
      <error message="Assert.NotNull() Failure">   at Codenation.Challenge.ModelBaseTest.AssertForeignKey(String fieldName, String expectedRelatedTable, Boolean required, String[] expectedKeys) in C:\Users\HOFFMANN\codenation\csharp-7\Source.TestSubmission\ModelBaseTest.cs:line 123
   at Codenation.Challenge.CandidateModelTest.Should_Has_Foreing_Key(String fieldName, String relatedTable, Boolean isNullable, String relatedKey) in C:\Users\HOFFMANN\codenation\csharp-7\Source.TestSubmission\CandidateModelTest.cs:line 45</error>
    </testcase>
    <testcase classname="Codenation.Challenge.CandidateModelTest" name="Codenation.Challenge.CandidateModelTest.Should_Has_Foreing_Key(fieldName: &quot;user_id&quot;, relatedTable: &quot;user&quot;, isNullable: False, relatedKey: &quot;id&quot;)" time="0.0010000">
      <error message="Assert.NotNull() Failure">   at Codenation.Challenge.ModelBaseTest.AssertForeignKey(String fieldName, String expectedRelatedTable, Boolean required, String[] expectedKeys) in C:\Users\HOFFMANN\codenation\csharp-7\Source.TestSubmission\ModelBaseTest.cs:line 123
   at Codenation.Challenge.CandidateModelTest.Should_Has_Foreing_Key(String fieldName, String relatedTable, Boolean isNullable, String relatedKey) in C:\Users\HOFFMANN\codenation\csharp-7\Source.TestSubmission\CandidateModelTest.cs:line 45</error>
    </testcase>
    <testcase classname="Codenation.Challenge.CandidateModelTest" name="Codenation.Challenge.CandidateModelTest.Should_Has_Foreing_Key(fieldName: &quot;acceleration_id&quot;, relatedTable: &quot;acceleration&quot;, isNullable: False, relatedKey: &quot;id&quot;)" time="0.0010000">
      <error message="Assert.NotNull() Failure">   at Codenation.Challenge.ModelBaseTest.AssertForeignKey(String fieldName, String expectedRelatedTable, Boolean required, String[] expectedKeys) in C:\Users\HOFFMANN\codenation\csharp-7\Source.TestSubmission\ModelBaseTest.cs:line 123
   at Codenation.Challenge.CandidateModelTest.Should_Has_Foreing_Key(String fieldName, String relatedTable, Boolean isNullable, String relatedKey) in C:\Users\HOFFMANN\codenation\csharp-7\Source.TestSubmission\CandidateModelTest.cs:line 45</error>
    </testcase>
    <testcase classname="Codenation.Challenge.CandidateModelTest" name="Codenation.Challenge.CandidateModelTest.Should_Has_Table" time="0.0010000" />
    <testcase classname="Codenation.Challenge.CandidateModelTest" name="Codenation.Challenge.CandidateModelTest.Should_Has_Field(fieldName: &quot;company_id&quot;, isNullable: False, fieldType: typeof(int), fieldSize: null)" time="0.0010000" />
    <testcase classname="Codenation.Challenge.CandidateModelTest" name="Codenation.Challenge.CandidateModelTest.Should_Has_Field(fieldName: &quot;user_id&quot;, isNullable: False, fieldType: typeof(int), fieldSize: null)" time="0.0010000" />
    <testcase classname="Codenation.Challenge.CandidateModelTest" name="Codenation.Challenge.CandidateModelTest.Should_Has_Field(fieldName: &quot;acceleration_id&quot;, isNullable: False, fieldType: typeof(int), fieldSize: null)" time="0.0010000" />
    <testcase classname="Codenation.Challenge.CandidateModelTest" name="Codenation.Challenge.CandidateModelTest.Should_Has_Field(fieldName: &quot;created_at&quot;, isNullable: False, fieldType: typeof(System.DateTime), fieldSize: null)" time="0.0010000" />
    <testcase classname="Codenation.Challenge.CandidateModelTest" name="Codenation.Challenge.CandidateModelTest.Should_Has_Field(fieldName: &quot;status&quot;, isNullable: False, fieldType: typeof(int), fieldSize: null)" time="0.0010000" />
    <testcase classname="Codenation.Challenge.CandidateModelTest" name="Codenation.Challenge.CandidateModelTest.Should_Has_Primary_Key" time="0.0170000">
      <error message="Assert.Contains() Failure&#xD;&#xA;Not found: (filter expression)&#xD;&#xA;In value:  String[] [&quot;user_id&quot;, &quot;acceleration_id&quot;, &quot;company_id&quot;]">   at Codenation.Challenge.ModelBaseTest.AssertPrimaryKeys(String[] keys) in C:\Users\HOFFMANN\codenation\csharp-7\Source.TestSubmission\ModelBaseTest.cs:line 87
   at Codenation.Challenge.CandidateModelTest.Should_Has_Primary_Key() in C:\Users\HOFFMANN\codenation\csharp-7\Source.TestSubmission\CandidateModelTest.cs:line 25</error>
    </testcase>
    <testcase classname="Codenation.Challenge.ChallengeModelTest" name="Codenation.Challenge.ChallengeModelTest.Should_Has_Field(fieldName: &quot;name&quot;, isNullable: False, fieldType: typeof(string), fieldSize: 100)" time="1.3230000" />
    <testcase classname="Codenation.Challenge.ChallengeModelTest" name="Codenation.Challenge.ChallengeModelTest.Should_Has_Field(fieldName: &quot;slug&quot;, isNullable: False, fieldType: typeof(string), fieldSize: 50)" time="0.0010000" />
    <testcase classname="Codenation.Challenge.ChallengeModelTest" name="Codenation.Challenge.ChallengeModelTest.Should_Has_Field(fieldName: &quot;id&quot;, isNullable: False, fieldType: typeof(int), fieldSize: null)" time="0.0010000" />
    <testcase classname="Codenation.Challenge.ChallengeModelTest" name="Codenation.Challenge.ChallengeModelTest.Should_Has_Field(fieldName: &quot;created_at&quot;, isNullable: False, fieldType: typeof(System.DateTime), fieldSize: null)" time="0.0270000" />
    <testcase classname="Codenation.Challenge.ChallengeModelTest" name="Codenation.Challenge.ChallengeModelTest.Should_Has_Children_Navigation(childrenTable: &quot;acceleration&quot;)" time="0.0010000" />
    <testcase classname="Codenation.Challenge.ChallengeModelTest" name="Codenation.Challenge.ChallengeModelTest.Should_Has_Children_Navigation(childrenTable: &quot;submission&quot;)" time="0.0010000" />
    <testcase classname="Codenation.Challenge.ChallengeModelTest" name="Codenation.Challenge.ChallengeModelTest.Should_Has_Primary_Key" time="0.0170000" />
    <testcase classname="Codenation.Challenge.ChallengeModelTest" name="Codenation.Challenge.ChallengeModelTest.Should_Has_Table" time="0.0010000" />
    <testcase classname="Codenation.Challenge.CompanyModelTest" name="Codenation.Challenge.CompanyModelTest.Should_Has_Field(fieldName: &quot;id&quot;, isNullable: False, fieldType: typeof(int), fieldSize: null)" time="1.3270000" />
    <testcase classname="Codenation.Challenge.CompanyModelTest" name="Codenation.Challenge.CompanyModelTest.Should_Has_Field(fieldName: &quot;slug&quot;, isNullable: False, fieldType: typeof(string), fieldSize: 50)" time="0.0010000" />
    <testcase classname="Codenation.Challenge.CompanyModelTest" name="Codenation.Challenge.CompanyModelTest.Should_Has_Field(fieldName: &quot;created_at&quot;, isNullable: False, fieldType: typeof(System.DateTime), fieldSize: null)" time="0.0010000" />
    <testcase classname="Codenation.Challenge.CompanyModelTest" name="Codenation.Challenge.CompanyModelTest.Should_Has_Field(fieldName: &quot;name&quot;, isNullable: False, fieldType: typeof(string), fieldSize: 100)" time="0.0010000" />
    <testcase classname="Codenation.Challenge.CompanyModelTest" name="Codenation.Challenge.CompanyModelTest.Should_Has_Table" time="0.0010000" />
    <testcase classname="Codenation.Challenge.CompanyModelTest" name="Codenation.Challenge.CompanyModelTest.Should_Has_Primary_Key" time="0.0010000" />
    <testcase classname="Codenation.Challenge.CompanyModelTest" name="Codenation.Challenge.CompanyModelTest.Should_Has_Children_Navigation(childrenTable: &quot;candidate&quot;)" time="0.0010000" />
    <testcase classname="Codenation.Challenge.SubmissionModelTest" name="Codenation.Challenge.SubmissionModelTest.Should_Has_Primary_Key" time="0.0240000">
      <error message="Assert.Contains() Failure&#xD;&#xA;Not found: (filter expression)&#xD;&#xA;In value:  String[] [&quot;user_id&quot;, &quot;challenge_id&quot;]">   at Codenation.Challenge.ModelBaseTest.AssertPrimaryKeys(String[] keys) in C:\Users\HOFFMANN\codenation\csharp-7\Source.TestSubmission\ModelBaseTest.cs:line 87
   at Codenation.Challenge.SubmissionModelTest.Should_Has_Primary_Key() in C:\Users\HOFFMANN\codenation\csharp-7\Source.TestSubmission\SubmissionModelTest.cs:line 25</error>
    </testcase>
    <testcase classname="Codenation.Challenge.SubmissionModelTest" name="Codenation.Challenge.SubmissionModelTest.Should_Has_Field(fieldName: &quot;user_id&quot;, isNullable: False, fieldType: typeof(int), fieldSize: null)" time="0.0010000" />
    <testcase classname="Codenation.Challenge.SubmissionModelTest" name="Codenation.Challenge.SubmissionModelTest.Should_Has_Field(fieldName: &quot;created_at&quot;, isNullable: False, fieldType: typeof(System.DateTime), fieldSize: null)" time="0.0010000" />
    <testcase classname="Codenation.Challenge.SubmissionModelTest" name="Codenation.Challenge.SubmissionModelTest.Should_Has_Field(fieldName: &quot;challenge_id&quot;, isNullable: False, fieldType: typeof(int), fieldSize: null)" time="0.0010000" />
    <testcase classname="Codenation.Challenge.SubmissionModelTest" name="Codenation.Challenge.SubmissionModelTest.Should_Has_Field(fieldName: &quot;score&quot;, isNullable: False, fieldType: typeof(decimal), fieldSize: null)" time="0.0010000" />
    <testcase classname="Codenation.Challenge.SubmissionModelTest" name="Codenation.Challenge.SubmissionModelTest.Should_Has_Foreing_Key(fieldName: &quot;challenge_id&quot;, relatedTable: &quot;challenge&quot;, isNullable: False, relatedKey: &quot;id&quot;)" time="0.0010000">
      <error message="Assert.NotNull() Failure">   at Codenation.Challenge.ModelBaseTest.AssertForeignKey(String fieldName, String expectedRelatedTable, Boolean required, String[] expectedKeys) in C:\Users\HOFFMANN\codenation\csharp-7\Source.TestSubmission\ModelBaseTest.cs:line 123
   at Codenation.Challenge.SubmissionModelTest.Should_Has_Foreing_Key(String fieldName, String relatedTable, Boolean isNullable, String relatedKey) in C:\Users\HOFFMANN\codenation\csharp-7\Source.TestSubmission\SubmissionModelTest.cs:line 43</error>
    </testcase>
    <testcase classname="Codenation.Challenge.SubmissionModelTest" name="Codenation.Challenge.SubmissionModelTest.Should_Has_Foreing_Key(fieldName: &quot;user_id&quot;, relatedTable: &quot;user&quot;, isNullable: False, relatedKey: &quot;id&quot;)" time="0.0020000">
      <error message="Assert.NotNull() Failure">   at Codenation.Challenge.ModelBaseTest.AssertForeignKey(String fieldName, String expectedRelatedTable, Boolean required, String[] expectedKeys) in C:\Users\HOFFMANN\codenation\csharp-7\Source.TestSubmission\ModelBaseTest.cs:line 123
   at Codenation.Challenge.SubmissionModelTest.Should_Has_Foreing_Key(String fieldName, String relatedTable, Boolean isNullable, String relatedKey) in C:\Users\HOFFMANN\codenation\csharp-7\Source.TestSubmission\SubmissionModelTest.cs:line 43</error>
    </testcase>
    <testcase classname="Codenation.Challenge.SubmissionModelTest" name="Codenation.Challenge.SubmissionModelTest.Should_Has_Table" time="0.0010000" />
    <testcase classname="Codenation.Challenge.UserModelTest" name="Codenation.Challenge.UserModelTest.Should_Has_Field(fieldName: &quot;nickname&quot;, isNullable: False, fieldType: typeof(string), fieldSize: 50)" time="1.3230000" />
    <testcase classname="Codenation.Challenge.UserModelTest" name="Codenation.Challenge.UserModelTest.Should_Has_Field(fieldName: &quot;password&quot;, isNullable: False, fieldType: typeof(string), fieldSize: 255)" time="0.0010000" />
    <testcase classname="Codenation.Challenge.UserModelTest" name="Codenation.Challenge.UserModelTest.Should_Has_Field(fieldName: &quot;full_name&quot;, isNullable: False, fieldType: typeof(string), fieldSize: 100)" time="0.0010000" />
    <testcase classname="Codenation.Challenge.UserModelTest" name="Codenation.Challenge.UserModelTest.Should_Has_Field(fieldName: &quot;created_at&quot;, isNullable: False, fieldType: typeof(System.DateTime), fieldSize: null)" time="0.0010000" />
    <testcase classname="Codenation.Challenge.UserModelTest" name="Codenation.Challenge.UserModelTest.Should_Has_Field(fieldName: &quot;id&quot;, isNullable: False, fieldType: typeof(int), fieldSize: null)" time="0.0010000" />
    <testcase classname="Codenation.Challenge.UserModelTest" name="Codenation.Challenge.UserModelTest.Should_Has_Field(fieldName: &quot;email&quot;, isNullable: False, fieldType: typeof(string), fieldSize: 100)" time="0.0010000" />
    <testcase classname="Codenation.Challenge.UserModelTest" name="Codenation.Challenge.UserModelTest.Should_Has_Table" time="0.0010000" />
    <testcase classname="Codenation.Challenge.UserModelTest" name="Codenation.Challenge.UserModelTest.Should_Has_Primary_Key" time="0.0030000" />
    <testcase classname="Codenation.Challenge.UserModelTest" name="Codenation.Challenge.UserModelTest.Should_Has_Children_Navigation(childrenTable: &quot;candidate&quot;)" time="0.0020000" />
    <testcase classname="Codenation.Challenge.UserModelTest" name="Codenation.Challenge.UserModelTest.Should_Has_Children_Navigation(childrenTable: &quot;submission&quot;)" time="0.0010000" />
  </testsuite>
</testsuites>